<?xml version="1.0" encoding="UTF-8"?>
<!-- Generated by org.testng.reporters.JUnitReportReporter -->
<testsuite hostname="LAPTOP-TTJK7ADQ" failures="0" tests="7" name="com.dsAlgo.testcases.dsAlgoHomePageTest" time="206.324" errors="0" timestamp="2022-06-02T17:01:15 PDT" skipped="1">
  <testcase classname="com.dsAlgo.testcases.dsAlgoHomePageTest" name="skipTest" time="0.015">
    <skipped/>
  </testcase> <!-- skipTest -->
  <system-out/>
  <testcase classname="com.dsAlgo.testcases.dsAlgoHomePageTest" name="login" time="9.966"/>
  <system-out/>
  <testcase classname="com.dsAlgo.testcases.dsAlgoHomePageTest" name="dsValidation" time="15.732"/>
  <system-out/>
  <testcase classname="com.dsAlgo.testcases.dsAlgoHomePageTest" name="arrayValidation" time="40.961"/>
  <system-out/>
  <testcase classname="com.dsAlgo.testcases.dsAlgoHomePageTest" name="linkedListValidation" time="66.465"/>
  <system-out/>
  <testcase classname="com.dsAlgo.testcases.dsAlgoHomePageTest" name="stValidation" time="32.336"/>
  <system-out/>
  <testcase classname="com.dsAlgo.testcases.dsAlgoHomePageTest" name="qValidation" time="40.849"/>
  <system-out/>
</testsuite> <!-- com.dsAlgo.testcases.dsAlgoHomePageTest -->
